<?xml version="1.0" encoding="UTF-8"?>
<testsuite xmlns:xsi="http://www.w3.org/2001/XMLSchema-instance" xsi:noNamespaceSchemaLocation="https://maven.apache.org/surefire/maven-surefire-plugin/xsd/surefire-test-report-3.0.xsd" version="3.0" name="DatabaseTest" time="0.605" tests="2" errors="1" skipped="0" failures="0">
  <properties>
[...]
</properties>
  <testcase name="exceptionTesting" classname="DatabaseTest" time="0.566">
    <system-out><![CDATA[@BeforeAll executed
jdbc:sqlserver://localhost:1433;databaseName=HN24_CPL_JAVA_04;encrypt=true;trustServerCertificate=true
]]></system-out>
  </testcase>
  <testcase name="connectedTesting" classname="DatabaseTest" time="0.032">
    <error message="com.microsoft.sqlserver.jdbc.SQLServerException: Login failed for user &apos;sa&apos;. ClientConnectionId:91484f8a-6261-4814-b9f2-f503ede7fcff" type="java.lang.RuntimeException"><![CDATA[java.lang.RuntimeException: com.microsoft.sqlserver.jdbc.SQLServerException: Login failed for user 'sa'. ClientConnectionId:91484f8a-6261-4814-b9f2-f503ede7fcff
	at fpt.fsoft.fi.dao.DBUntil.getCon(DBUntil.java:40)
	at DatabaseTest.connectedTesting(DatabaseTest.java:26)
	at java.base/java.lang.reflect.Method.invoke(Method.java:580)
	at java.base/java.util.ArrayList.forEach(ArrayList.java:1597)
	at java.base/java.util.ArrayList.forEach(ArrayList.java:1597)
Caused by: com.microsoft.sqlserver.jdbc.SQLServerException: Login failed for user 'sa'. ClientConnectionId:91484f8a-6261-4814-b9f2-f503ede7fcff
	at com.microsoft.sqlserver.jdbc.SQLServerException.makeFromDatabaseError(SQLServerException.java:261)
	at com.microsoft.sqlserver.jdbc.TDSTokenHandler.onEOF(tdsparser.java:316)
	at com.microsoft.sqlserver.jdbc.TDSParser.parse(tdsparser.java:137)
	at com.microsoft.sqlserver.jdbc.TDSParser.parse(tdsparser.java:42)
	at com.microsoft.sqlserver.jdbc.SQLServerConnection.sendLogon(SQLServerConnection.java:6881)
	at com.microsoft.sqlserver.jdbc.SQLServerConnection.logon(SQLServerConnection.java:5428)
	at com.microsoft.sqlserver.jdbc.SQLServerConnection$LogonCommand.doExecute(SQLServerConnection.java:5360)
	at com.microsoft.sqlserver.jdbc.TDSCommand.execute(IOBuffer.java:7748)
	at com.microsoft.sqlserver.jdbc.SQLServerConnection.executeCommand(SQLServerConnection.java:4410)
	at com.microsoft.sqlserver.jdbc.SQLServerConnection.connectHelper(SQLServerConnection.java:3847)
	at com.microsoft.sqlserver.jdbc.SQLServerConnection.login(SQLServerConnection.java:3372)
	at com.microsoft.sqlserver.jdbc.SQLServerConnection.connectInternal(SQLServerConnection.java:3197)
	at com.microsoft.sqlserver.jdbc.SQLServerConnection.connect(SQLServerConnection.java:1971)
	at com.microsoft.sqlserver.jdbc.SQLServerDriver.connect(SQLServerDriver.java:1263)
	at java.sql/java.sql.DriverManager.getConnection(DriverManager.java:682)
	at java.sql/java.sql.DriverManager.getConnection(DriverManager.java:230)
	at fpt.fsoft.fi.dao.DBUntil.getCon(DBUntil.java:38)
	... 4 more
]]></error>
    <system-out><![CDATA[jdbc:sqlserver://localhost:1433;databaseName=HN24_CPL_JAVA_04;encrypt=true;trustServerCertificate=true
]]></system-out>
  </testcase>
</testsuite>